{"/Users/oliverwieland/Documents/scrolldepth/scrollDepth.js": {"path":"/Users/oliverwieland/Documents/scrolldepth/scrollDepth.js","statementMap":{"0":{"start":{"line":6,"column":31},"end":{"line":6,"column":70}},"1":{"start":{"line":7,"column":2},"end":{"line":9,"column":3}},"2":{"start":{"line":8,"column":6},"end":{"line":8,"column":13}},"3":{"start":{"line":10,"column":30},"end":{"line":10,"column":81}},"4":{"start":{"line":11,"column":2},"end":{"line":13,"column":3}},"5":{"start":{"line":12,"column":6},"end":{"line":12,"column":13}},"6":{"start":{"line":14,"column":2},"end":{"line":14,"column":29}},"7":{"start":{"line":18,"column":2},"end":{"line":18,"column":83}},"8":{"start":{"line":22,"column":2},"end":{"line":22,"column":48}},"9":{"start":{"line":23,"column":2},"end":{"line":23,"column":62}},"10":{"start":{"line":27,"column":2},"end":{"line":27,"column":54}},"11":{"start":{"line":31,"column":2},"end":{"line":44,"column":3}},"12":{"start":{"line":32,"column":26},"end":{"line":32,"column":54}},"13":{"start":{"line":33,"column":28},"end":{"line":33,"column":53}},"14":{"start":{"line":34,"column":31},"end":{"line":34,"column":65}},"15":{"start":{"line":35,"column":4},"end":{"line":41,"column":5}},"16":{"start":{"line":36,"column":8},"end":{"line":36,"column":34}},"17":{"start":{"line":37,"column":11},"end":{"line":41,"column":5}},"18":{"start":{"line":38,"column":8},"end":{"line":38,"column":33}},"19":{"start":{"line":39,"column":11},"end":{"line":41,"column":5}},"20":{"start":{"line":40,"column":8},"end":{"line":40,"column":33}},"21":{"start":{"line":43,"column":4},"end":{"line":43,"column":150}},"22":{"start":{"line":49,"column":18},"end":{"line":49,"column":22}},"23":{"start":{"line":50,"column":4},"end":{"line":56,"column":6}},"24":{"start":{"line":51,"column":22},"end":{"line":51,"column":26}},"25":{"start":{"line":52,"column":8},"end":{"line":52,"column":30}},"26":{"start":{"line":53,"column":8},"end":{"line":55,"column":17}},"27":{"start":{"line":54,"column":12},"end":{"line":54,"column":43}},"28":{"start":{"line":60,"column":0},"end":{"line":62,"column":10}},"29":{"start":{"line":61,"column":2},"end":{"line":61,"column":17}},"30":{"start":{"line":65,"column":0},"end":{"line":68,"column":1}},"31":{"start":{"line":66,"column":2},"end":{"line":66,"column":26}},"32":{"start":{"line":67,"column":2},"end":{"line":67,"column":47}}},"fnMap":{"0":{"name":"getTheArticle","decl":{"start":{"line":5,"column":9},"end":{"line":5,"column":22}},"loc":{"start":{"line":5,"column":25},"end":{"line":15,"column":1}},"line":5},"1":{"name":"offsetEvent","decl":{"start":{"line":17,"column":9},"end":{"line":17,"column":20}},"loc":{"start":{"line":17,"column":33},"end":{"line":19,"column":1}},"line":17},"2":{"name":"dispatchScrollOffset","decl":{"start":{"line":21,"column":9},"end":{"line":21,"column":29}},"loc":{"start":{"line":21,"column":42},"end":{"line":24,"column":1}},"line":21},"3":{"name":"getLocation","decl":{"start":{"line":26,"column":9},"end":{"line":26,"column":20}},"loc":{"start":{"line":26,"column":59},"end":{"line":28,"column":1}},"line":26},"4":{"name":"handleScroll","decl":{"start":{"line":30,"column":9},"end":{"line":30,"column":21}},"loc":{"start":{"line":30,"column":24},"end":{"line":45,"column":1}},"line":30},"5":{"name":"debounce","decl":{"start":{"line":48,"column":9},"end":{"line":48,"column":17}},"loc":{"start":{"line":48,"column":30},"end":{"line":57,"column":1}},"line":48},"6":{"name":"(anonymous_6)","decl":{"start":{"line":50,"column":11},"end":{"line":50,"column":12}},"loc":{"start":{"line":50,"column":22},"end":{"line":56,"column":5}},"line":50},"7":{"name":"(anonymous_7)","decl":{"start":{"line":53,"column":29},"end":{"line":53,"column":30}},"loc":{"start":{"line":53,"column":40},"end":{"line":55,"column":9}},"line":53},"8":{"name":"(anonymous_8)","decl":{"start":{"line":60,"column":43},"end":{"line":60,"column":44}},"loc":{"start":{"line":60,"column":49},"end":{"line":62,"column":1}},"line":60}},"branchMap":{"0":{"loc":{"start":{"line":7,"column":2},"end":{"line":9,"column":3}},"type":"if","locations":[{"start":{"line":7,"column":2},"end":{"line":9,"column":3}},{"start":{},"end":{}}],"line":7},"1":{"loc":{"start":{"line":11,"column":2},"end":{"line":13,"column":3}},"type":"if","locations":[{"start":{"line":11,"column":2},"end":{"line":13,"column":3}},{"start":{},"end":{}}],"line":11},"2":{"loc":{"start":{"line":31,"column":2},"end":{"line":44,"column":3}},"type":"if","locations":[{"start":{"line":31,"column":2},"end":{"line":44,"column":3}},{"start":{"line":42,"column":9},"end":{"line":44,"column":3}}],"line":31},"3":{"loc":{"start":{"line":35,"column":4},"end":{"line":41,"column":5}},"type":"if","locations":[{"start":{"line":35,"column":4},"end":{"line":41,"column":5}},{"start":{"line":37,"column":11},"end":{"line":41,"column":5}}],"line":35},"4":{"loc":{"start":{"line":37,"column":11},"end":{"line":41,"column":5}},"type":"if","locations":[{"start":{"line":37,"column":11},"end":{"line":41,"column":5}},{"start":{"line":39,"column":11},"end":{"line":41,"column":5}}],"line":37},"5":{"loc":{"start":{"line":39,"column":11},"end":{"line":41,"column":5}},"type":"if","locations":[{"start":{"line":39,"column":11},"end":{"line":41,"column":5}},{"start":{},"end":{}}],"line":39},"6":{"loc":{"start":{"line":65,"column":0},"end":{"line":68,"column":1}},"type":"if","locations":[{"start":{"line":65,"column":0},"end":{"line":68,"column":1}},{"start":{},"end":{}}],"line":65}},"s":{"0":0,"1":0,"2":0,"3":0,"4":0,"5":0,"6":0,"7":3,"8":0,"9":0,"10":2,"11":0,"12":0,"13":0,"14":0,"15":0,"16":0,"17":0,"18":0,"19":0,"20":0,"21":0,"22":1,"23":1,"24":0,"25":0,"26":0,"27":0,"28":1,"29":0,"30":1,"31":1,"32":1},"f":{"0":0,"1":3,"2":0,"3":2,"4":0,"5":1,"6":0,"7":0,"8":0},"b":{"0":[0,0],"1":[0,0],"2":[0,0],"3":[0,0],"4":[0,0],"5":[0,0],"6":[1,0]},"_coverageSchema":"1a1c01bbd47fc00a2c39e90264f33305004495a9","hash":"66e036ff40b6cea3cad035f536e0ef72c9ddb8c7"}
}
