TN:
SF:scrollDepth.js
FN:5,getTheArticle
FN:17,offsetEvent
FN:21,dispatchScrollOffset
FN:26,getLocation
FN:30,handleScroll
FN:48,debounce
FN:50,(anonymous_6)
FN:53,(anonymous_7)
FN:60,(anonymous_8)
FNF:9
FNH:3
FNDA:0,getTheArticle
FNDA:3,offsetEvent
FNDA:0,dispatchScrollOffset
FNDA:2,getLocation
FNDA:0,handleScroll
FNDA:1,debounce
FNDA:0,(anonymous_6)
FNDA:0,(anonymous_7)
FNDA:0,(anonymous_8)
DA:6,0
DA:7,0
DA:8,0
DA:10,0
DA:11,0
DA:12,0
DA:14,0
DA:18,3
DA:22,0
DA:23,0
DA:27,2
DA:31,0
DA:32,0
DA:33,0
DA:34,0
DA:35,0
DA:36,0
DA:37,0
DA:38,0
DA:39,0
DA:40,0
DA:43,0
DA:49,1
DA:50,1
DA:51,0
DA:52,0
DA:53,0
DA:54,0
DA:60,1
DA:61,0
DA:65,1
DA:66,1
DA:67,1
LF:33
LH:8
BRDA:7,0,0,0
BRDA:7,0,1,0
BRDA:11,1,0,0
BRDA:11,1,1,0
BRDA:31,2,0,0
BRDA:31,2,1,0
BRDA:35,3,0,0
BRDA:35,3,1,0
BRDA:37,4,0,0
BRDA:37,4,1,0
BRDA:39,5,0,0
BRDA:39,5,1,0
BRDA:65,6,0,1
BRDA:65,6,1,0
BRF:14
BRH:1
end_of_record
